<?xml version="1.0" encoding="UTF-8"?>
<!-- Generated by org.testng.reporters.JUnitReportReporter -->
<testsuite hostname="DESKTOP-TBGH0BT" failures="0" tests="2" name="ApplicationPages.HomePageTest" time="2.581" errors="0" timestamp="16 Jun 2021 14:41:26 GMT" skipped="0">
  <testcase classname="ApplicationPages.HomePageTest" name="ValidateTheHeaderOptions" time="0.134"/>
  <testcase classname="ApplicationPages.HomePageTest" name="ValidateWomenShoppingPageisDisplayed" time="2.447"/>
</testsuite> <!-- ApplicationPages.HomePageTest -->
