<?xml version="1.0" encoding="UTF-8"?>
<!-- Generated by org.testng.reporters.JUnitReportReporter -->
<testsuite hostname="DESKTOP-TBGH0BT" failures="0" tests="3" name="ApplicationPages.LoginPageTest" time="3.538" errors="0" timestamp="16 Jun 2021 14:41:26 GMT" skipped="0">
  <testcase classname="ApplicationPages.LoginPageTest" name="validateLoginPageTitle" time="0.194"/>
  <testcase classname="ApplicationPages.LoginPageTest" name="validateLogin" time="3.285"/>
  <testcase classname="ApplicationPages.LoginPageTest" name="validateLogo" time="0.059"/>
</testsuite> <!-- ApplicationPages.LoginPageTest -->
